[2026-03-19 09:04:02,673] INFO     [logger] --- Début du scan : Analyse WiFi ---
[2026-03-19 09:04:03,053] INFO     [logger] WiFi analysé : SSID=, Sécurité=
[2026-03-19 09:04:03,053] INFO     [logger] --- Fin du scan : Analyse WiFi (durée: 0.38s) ---
[2026-03-19 09:04:03,053] INFO     [logger] --- Début du scan : Découverte des hôtes ---
[2026-03-19 09:04:03,053] INFO     [logger] Cible spécifiée : 192.168.1.113
[2026-03-19 09:04:03,053] INFO     [logger] --- Fin du scan : Découverte des hôtes (durée: 0.38s) ---
[2026-03-19 09:04:03,053] INFO     [logger] --- Début du scan : Scan de ports ---
[2026-03-19 09:04:03,061] INFO     [logger] Scan de 37 ports sur 1 hôte(s)
[2026-03-19 09:04:03,061] INFO     [logger] Scan de 192.168.1.113 (37 ports)...
[2026-03-19 09:04:03,595] INFO     [logger] 192.168.1.113 — 2 port(s) ouvert(s) : 21, 53
[2026-03-19 09:04:03,603] INFO     [logger] --- Fin du scan : Scan de ports (durée: 0.93s) ---
[2026-03-19 09:04:03,604] INFO     [logger] --- Début du scan : Détection des services ---
[2026-03-19 09:04:03,605] INFO     [logger] Détection des services sur 192.168.1.113...
[2026-03-19 09:04:07,630] INFO     [logger] --- Fin du scan : Détection des services (durée: 4.96s) ---
[2026-03-19 09:04:07,631] INFO     [logger] --- Début du scan : Fingerprint OS ---
[2026-03-19 09:04:07,632] INFO     [logger] --- Fin du scan : Fingerprint OS (durée: 4.96s) ---
[2026-03-19 09:04:07,632] INFO     [logger] --- Début du scan : Détection de vulnérabilités ---
[2026-03-19 09:04:07,643] WARNING  [logger] [VULN:HAUTE] 192.168.1.113:21 — FTP (sans TLS)
[2026-03-19 09:04:07,643] INFO     [logger] 1 vulnérabilité(s) détectée(s) au total
[2026-03-19 09:04:10,647] INFO     [logger] Analyse DNS : 1 problème(s) détecté(s)
[2026-03-19 09:04:10,648] INFO     [logger] --- Fin du scan : Détection de vulnérabilités (durée: 7.97s) ---
[2026-03-19 09:04:10,648] INFO     [logger] Génération du rapport — module non encore implémenté
