[2026-03-19 09:09:35,284] INFO     [logger] --- Début du scan : Analyse WiFi ---
[2026-03-19 09:09:35,669] INFO     [logger] WiFi analysé : SSID=, Sécurité=
[2026-03-19 09:09:35,669] INFO     [logger] --- Fin du scan : Analyse WiFi (durée: 0.39s) ---
[2026-03-19 09:09:35,670] INFO     [logger] --- Début du scan : Découverte des hôtes ---
[2026-03-19 09:09:35,670] INFO     [logger] Cible spécifiée : 192.168.1.113
[2026-03-19 09:09:35,670] INFO     [logger] --- Fin du scan : Découverte des hôtes (durée: 0.39s) ---
[2026-03-19 09:09:35,670] INFO     [logger] --- Début du scan : Scan de ports ---
[2026-03-19 09:09:35,677] INFO     [logger] Scan de 37 ports sur 1 hôte(s)
[2026-03-19 09:09:35,677] INFO     [logger] Scan de 192.168.1.113 (37 ports)...
[2026-03-19 09:09:36,205] INFO     [logger] 192.168.1.113 — 2 port(s) ouvert(s) : 21, 53
[2026-03-19 09:09:36,213] INFO     [logger] --- Fin du scan : Scan de ports (durée: 0.93s) ---
[2026-03-19 09:09:36,213] INFO     [logger] --- Début du scan : Détection des services ---
[2026-03-19 09:09:36,213] INFO     [logger] Détection des services sur 192.168.1.113...
[2026-03-19 09:09:40,226] INFO     [logger] --- Fin du scan : Détection des services (durée: 4.94s) ---
[2026-03-19 09:09:40,227] INFO     [logger] --- Début du scan : Fingerprint OS ---
[2026-03-19 09:09:40,227] INFO     [logger] --- Fin du scan : Fingerprint OS (durée: 4.94s) ---
[2026-03-19 09:09:40,228] INFO     [logger] --- Début du scan : Détection de vulnérabilités ---
[2026-03-19 09:09:40,230] WARNING  [logger] [VULN:HAUTE] 192.168.1.113:21 — FTP (sans TLS)
[2026-03-19 09:09:40,231] INFO     [logger] 1 vulnérabilité(s) détectée(s) au total
[2026-03-19 09:09:43,233] INFO     [logger] Analyse DNS : 1 problème(s) détecté(s)
[2026-03-19 09:09:43,234] INFO     [logger] --- Fin du scan : Détection de vulnérabilités (durée: 7.95s) ---
[2026-03-19 09:09:43,405] INFO     [logger] [OK] Rapport généré : C:\Users\Utilisateur\Desktop\Code\wifi-scanner\reports\scan_20260319_090943.html
